# JRE version: OpenJDK Runtime Environment (Zulu 8.58.0.13-CA-win64) (8.0_312-b07) (build 1.8.0_312-b07)
# Java VM: OpenJDK 64-Bit Server VM (25.312-b07 mixed mode windows-amd64 compressed oops)
Heap:
 PSYoungGen      total 419328K, used 381182K [0x0000000716400000, 0x0000000731280000, 0x00000007c0000000)
  eden space 397824K, 95% used [0x0000000716400000,0x000000072d83f9e0,0x000000072e880000)
  from space 21504K, 0% used [0x000000072fd80000,0x000000072fd80000,0x0000000731280000)
  to   space 21504K, 0% used [0x000000072e880000,0x000000072e880000,0x000000072fd80000)
 ParOldGen       total 747008K, used 746949K [0x00000005c2c00000, 0x00000005f0580000, 0x0000000716400000)
  object space 747008K, 99% used [0x00000005c2c00000,0x00000005f05717d8,0x00000005f0580000)
 Metaspace       used 53139K, capacity 54239K, committed 54656K, reserved 1095680K
  class space    used 7230K, capacity 7689K, committed 7808K, reserved 1048576K
GC Heap History (10 events):
Event: 7.900 GC heap before
{Heap before GC invocations=101 (full 49):
 PSYoungGen      total 419328K, used 15455K [0x0000000716400000, 0x0000000731280000, 0x00000007c0000000)
  eden space 397824K, 3% used [0x0000000716400000,0x0000000717317d30,0x000000072e880000)
  from space 21504K, 0% used [0x000000072e880000,0x000000072e880000,0x000000072fd80000)
  to   space 21504K, 0% used [0x000000072fd80000,0x000000072fd80000,0x0000000731280000)
 ParOldGen       total 747008K, used 726934K [0x00000005c2c00000, 0x00000005f0580000, 0x0000000716400000)
  object space 747008K, 97% used [0x00000005c2c00000,0x00000005ef1e59e0,0x00000005f0580000)
 Metaspace       used 51787K, capacity 52815K, committed 53376K, reserved 1095680K
  class space    used 7036K, capacity 7494K, committed 7552K, reserved 1048576K
Event: 7.902 GC heap after
Heap after GC invocations=101 (full 49):
 PSYoungGen      total 419328K, used 13674K [0x0000000716400000, 0x0000000731280000, 0x00000007c0000000)
  eden space 397824K, 0% used [0x0000000716400000,0x0000000716400000,0x000000072e880000)
  from space 21504K, 63% used [0x000000072fd80000,0x0000000730adaad0,0x0000000731280000)
  to   space 21504K, 0% used [0x000000072e880000,0x000000072e880000,0x000000072fd80000)
 ParOldGen       total 747008K, used 726934K [0x00000005c2c00000, 0x00000005f0580000, 0x0000000716400000)
  object space 747008K, 97% used [0x00000005c2c00000,0x00000005ef1e59e0,0x00000005f0580000)
 Metaspace       used 51787K, capacity 52815K, committed 53376K, reserved 1095680K
  class space    used 7036K, capacity 7494K, committed 7552K, reserved 1048576K
}
Event: 7.902 GC heap before
{Heap before GC invocations=102 (full 50):
 PSYoungGen      total 419328K, used 13674K [0x0000000716400000, 0x0000000731280000, 0x00000007c0000000)
  eden space 397824K, 0% used [0x0000000716400000,0x0000000716400000,0x000000072e880000)
  from space 21504K, 63% used [0x000000072fd80000,0x0000000730adaad0,0x0000000731280000)
  to   space 21504K, 0% used [0x000000072e880000,0x000000072e880000,0x000000072fd80000)
 ParOldGen       total 747008K, used 726934K [0x00000005c2c00000, 0x00000005f0580000, 0x0000000716400000)
  object space 747008K, 97% used [0x00000005c2c00000,0x00000005ef1e59e0,0x00000005f0580000)
 Metaspace       used 51787K, capacity 52815K, committed 53376K, reserved 1095680K
  class space    used 7036K, capacity 7494K, committed 7552K, reserved 1048576K
Event: 7.939 GC heap after
Heap after GC invocations=102 (full 50):
 PSYoungGen      total 419328K, used 0K [0x0000000716400000, 0x0000000731280000, 0x00000007c0000000)
  eden space 397824K, 0% used [0x0000000716400000,0x0000000716400000,0x000000072e880000)
  from space 21504K, 0% used [0x000000072fd80000,0x000000072fd80000,0x0000000731280000)
  to   space 21504K, 0% used [0x000000072e880000,0x000000072e880000,0x000000072fd80000)
 ParOldGen       total 747008K, used 740481K [0x00000005c2c00000, 0x00000005f0580000, 0x0000000716400000)
  object space 747008K, 99% used [0x00000005c2c00000,0x00000005eff204b0,0x00000005f0580000)
 Metaspace       used 51787K, capacity 52815K, committed 53376K, reserved 1095680K
  class space    used 7036K, capacity 7494K, committed 7552K, reserved 1048576K
}
Event: 7.975 GC heap before
{Heap before GC invocations=103 (full 51):
 PSYoungGen      total 419328K, used 15455K [0x0000000716400000, 0x0000000731280000, 0x00000007c0000000)
  eden space 397824K, 3% used [0x0000000716400000,0x0000000717317d30,0x000000072e880000)
  from space 21504K, 0% used [0x000000072fd80000,0x000000072fd80000,0x0000000731280000)
  to   space 21504K, 0% used [0x000000072e880000,0x000000072e880000,0x000000072fd80000)
 ParOldGen       total 747008K, used 740481K [0x00000005c2c00000, 0x00000005f0580000, 0x0000000716400000)
  object space 747008K, 99% used [0x00000005c2c00000,0x00000005eff204b0,0x00000005f0580000)
 Metaspace       used 51787K, capacity 52815K, committed 53376K, reserved 1095680K
  class space    used 7036K, capacity 7494K, committed 7552K, reserved 1048576K
Event: 8.013 GC heap after
Heap after GC invocations=103 (full 51):
 PSYoungGen      total 419328K, used 7129K [0x0000000716400000, 0x0000000731280000, 0x00000007c0000000)
  eden space 397824K, 1% used [0x0000000716400000,0x0000000716af67b0,0x000000072e880000)
  from space 21504K, 0% used [0x000000072fd80000,0x000000072fd80000,0x0000000731280000)
  to   space 21504K, 0% used [0x000000072e880000,0x000000072e880000,0x000000072fd80000)
 ParOldGen       total 747008K, used 746897K [0x00000005c2c00000, 0x00000005f0580000, 0x0000000716400000)
  object space 747008K, 99% used [0x00000005c2c00000,0x00000005f05647d0,0x00000005f0580000)
 Metaspace       used 51787K, capacity 52815K, committed 53376K, reserved 1095680K
  class space    used 7036K, capacity 7494K, committed 7552K, reserved 1048576K
}
Event: 8.048 GC heap before
{Heap before GC invocations=104 (full 52):
 PSYoungGen      total 419328K, used 29799K [0x0000000716400000, 0x0000000731280000, 0x00000007c0000000)
  eden space 397824K, 7% used [0x0000000716400000,0x0000000718119f30,0x000000072e880000)
  from space 21504K, 0% used [0x000000072fd80000,0x000000072fd80000,0x0000000731280000)
  to   space 21504K, 0% used [0x000000072e880000,0x000000072e880000,0x000000072fd80000)
 ParOldGen       total 747008K, used 746897K [0x00000005c2c00000, 0x00000005f0580000, 0x0000000716400000)
  object space 747008K, 99% used [0x00000005c2c00000,0x00000005f05647d0,0x00000005f0580000)
 Metaspace       used 51787K, capacity 52815K, committed 53376K, reserved 1095680K
  class space    used 7036K, capacity 7494K, committed 7552K, reserved 1048576K
Event: 8.087 GC heap after
Heap after GC invocations=104 (full 52):
 PSYoungGen      total 419328K, used 22102K [0x0000000716400000, 0x0000000731280000, 0x00000007c0000000)
  eden space 397824K, 5% used [0x0000000716400000,0x0000000717995b08,0x000000072e880000)
  from space 21504K, 0% used [0x000000072fd80000,0x000000072fd80000,0x0000000731280000)
  to   space 21504K, 0% used [0x000000072e880000,0x000000072e880000,0x000000072fd80000)
 ParOldGen       total 747008K, used 746897K [0x00000005c2c00000, 0x00000005f0580000, 0x0000000716400000)
  object space 747008K, 99% used [0x00000005c2c00000,0x00000005f0564728,0x00000005f0580000)
 Metaspace       used 51787K, capacity 52815K, committed 53376K, reserved 1095680K
  class space    used 7036K, capacity 7494K, committed 7552K, reserved 1048576K
}
Event: 17.947 GC heap before
{Heap before GC invocations=105 (full 53):
 PSYoungGen      total 419328K, used 395004K [0x0000000716400000, 0x0000000731280000, 0x00000007c0000000)
  eden space 397824K, 99% used [0x0000000716400000,0x000000072e5bf3b0,0x000000072e880000)
  from space 21504K, 0% used [0x000000072fd80000,0x000000072fd80000,0x0000000731280000)
  to   space 21504K, 0% used [0x000000072e880000,0x000000072e880000,0x000000072fd80000)
 ParOldGen       total 747008K, used 746897K [0x00000005c2c00000, 0x00000005f0580000, 0x0000000716400000)
  object space 747008K, 99% used [0x00000005c2c00000,0x00000005f0564728,0x00000005f0580000)
 Metaspace       used 53125K, capacity 54239K, committed 54656K, reserved 1095680K
  class space    used 7225K, capacity 7689K, committed 7808K, reserved 1048576K
Event: 18.145 GC heap after
Heap after GC invocations=105 (full 53):
 PSYoungGen      total 419328K, used 352422K [0x0000000716400000, 0x0000000731280000, 0x00000007c0000000)
  eden space 397824K, 88% used [0x0000000716400000,0x000000072bc29a50,0x000000072e880000)
  from space 21504K, 0% used [0x000000072fd80000,0x000000072fd80000,0x0000000731280000)
  to   space 21504K, 0% used [0x000000072e880000,0x000000072e880000,0x000000072fd80000)
 ParOldGen       total 747008K, used 746949K [0x00000005c2c00000, 0x00000005f0580000, 0x0000000716400000)
  object space 747008K, 99% used [0x00000005c2c00000,0x00000005f05717d8,0x00000005f0580000)
 Metaspace       used 53125K, capacity 54239K, committed 54656K, reserved 1095680K
  class space    used 7225K, capacity 7689K, committed 7808K, reserved 1048576K
}

