# JRE version: OpenJDK Runtime Environment (Zulu 8.58.0.13-CA-win64) (8.0_312-b07) (build 1.8.0_312-b07)
# Java VM: OpenJDK 64-Bit Server VM (25.312-b07 mixed mode windows-amd64 compressed oops)
Heap:
 PSYoungGen      total 961536K, used 83579K [0x0000000716400000, 0x0000000753e00000, 0x00000007c0000000)
  eden space 914944K, 9% used [0x0000000716400000,0x000000071b59ee00,0x000000074e180000)
  from space 46592K, 0% used [0x0000000750f80000,0x0000000750f80000,0x0000000753d00000)
  to   space 47104K, 0% used [0x000000074e180000,0x000000074e180000,0x0000000750f80000)
 ParOldGen       total 4035584K, used 3750745K [0x00000005c2c00000, 0x00000006b9100000, 0x0000000716400000)
  object space 4035584K, 92% used [0x00000005c2c00000,0x00000006a7ad6658,0x00000006b9100000)
 Metaspace       used 53030K, capacity 54093K, committed 54528K, reserved 1095680K
  class space    used 7172K, capacity 7641K, committed 7680K, reserved 1048576K
GC Heap History (10 events):
Event: 12.259 GC heap before
{Heap before GC invocations=203 (full 101):
 PSYoungGen      total 957952K, used 22573K [0x0000000716400000, 0x0000000753600000, 0x00000007c0000000)
  eden space 915456K, 0% used [0x0000000716400000,0x0000000716400000,0x000000074e200000)
  from space 42496K, 53% used [0x0000000750c80000,0x000000075228b550,0x0000000753600000)
  to   space 43008K, 0% used [0x000000074e200000,0x000000074e200000,0x0000000750c00000)
 ParOldGen       total 4035584K, used 3720108K [0x00000005c2c00000, 0x00000006b9100000, 0x0000000716400000)
  object space 4035584K, 92% used [0x00000005c2c00000,0x00000006a5ceb350,0x00000006b9100000)
 Metaspace       used 50169K, capacity 51151K, committed 51584K, reserved 1093632K
  class space    used 6754K, capacity 7219K, committed 7296K, reserved 1048576K
Event: 12.301 GC heap after
Heap after GC invocations=203 (full 101):
 PSYoungGen      total 957952K, used 0K [0x0000000716400000, 0x0000000753600000, 0x00000007c0000000)
  eden space 915456K, 0% used [0x0000000716400000,0x0000000716400000,0x000000074e200000)
  from space 42496K, 0% used [0x0000000750c80000,0x0000000750c80000,0x0000000753600000)
  to   space 43008K, 0% used [0x000000074e200000,0x000000074e200000,0x0000000750c00000)
 ParOldGen       total 4035584K, used 3742425K [0x00000005c2c00000, 0x00000006b9100000, 0x0000000716400000)
  object space 4035584K, 92% used [0x00000005c2c00000,0x00000006a72b6790,0x00000006b9100000)
 Metaspace       used 50169K, capacity 51151K, committed 51584K, reserved 1093632K
  class space    used 6754K, capacity 7219K, committed 7296K, reserved 1048576K
}
Event: 12.321 GC heap before
{Heap before GC invocations=204 (full 101):
 PSYoungGen      total 957952K, used 11914K [0x0000000716400000, 0x0000000753600000, 0x00000007c0000000)
  eden space 915456K, 1% used [0x0000000716400000,0x0000000716fa2b80,0x000000074e200000)
  from space 42496K, 0% used [0x0000000750c80000,0x0000000750c80000,0x0000000753600000)
  to   space 43008K, 0% used [0x000000074e200000,0x000000074e200000,0x0000000750c00000)
 ParOldGen       total 4035584K, used 3742425K [0x00000005c2c00000, 0x00000006b9100000, 0x0000000716400000)
  object space 4035584K, 92% used [0x00000005c2c00000,0x00000006a72b6790,0x00000006b9100000)
 Metaspace       used 50169K, capacity 51151K, committed 51584K, reserved 1093632K
  class space    used 6754K, capacity 7219K, committed 7296K, reserved 1048576K
Event: 12.324 GC heap after
Heap after GC invocations=204 (full 101):
 PSYoungGen      total 958464K, used 96K [0x0000000716400000, 0x0000000753d00000, 0x00000007c0000000)
  eden space 915456K, 0% used [0x0000000716400000,0x0000000716400000,0x000000074e200000)
  from space 43008K, 0% used [0x000000074e200000,0x000000074e218000,0x0000000750c00000)
  to   space 46592K, 0% used [0x0000000750f80000,0x0000000750f80000,0x0000000753d00000)
 ParOldGen       total 4035584K, used 3742425K [0x00000005c2c00000, 0x00000006b9100000, 0x0000000716400000)
  object space 4035584K, 92% used [0x00000005c2c00000,0x00000006a72b6790,0x00000006b9100000)
 Metaspace       used 50169K, capacity 51151K, committed 51584K, reserved 1093632K
  class space    used 6754K, capacity 7219K, committed 7296K, reserved 1048576K
}
Event: 12.324 GC heap before
{Heap before GC invocations=205 (full 102):
 PSYoungGen      total 958464K, used 96K [0x0000000716400000, 0x0000000753d00000, 0x00000007c0000000)
  eden space 915456K, 0% used [0x0000000716400000,0x0000000716400000,0x000000074e200000)
  from space 43008K, 0% used [0x000000074e200000,0x000000074e218000,0x0000000750c00000)
  to   space 46592K, 0% used [0x0000000750f80000,0x0000000750f80000,0x0000000753d00000)
 ParOldGen       total 4035584K, used 3742425K [0x00000005c2c00000, 0x00000006b9100000, 0x0000000716400000)
  object space 4035584K, 92% used [0x00000005c2c00000,0x00000006a72b6790,0x00000006b9100000)
 Metaspace       used 50169K, capacity 51151K, committed 51584K, reserved 1093632K
  class space    used 6754K, capacity 7219K, committed 7296K, reserved 1048576K
Event: 12.575 GC heap after
Heap after GC invocations=205 (full 102):
 PSYoungGen      total 958464K, used 0K [0x0000000716400000, 0x0000000753d00000, 0x00000007c0000000)
  eden space 915456K, 0% used [0x0000000716400000,0x0000000716400000,0x000000074e200000)
  from space 43008K, 0% used [0x000000074e200000,0x000000074e200000,0x0000000750c00000)
  to   space 46592K, 0% used [0x0000000750f80000,0x0000000750f80000,0x0000000753d00000)
 ParOldGen       total 4035584K, used 3742383K [0x00000005c2c00000, 0x00000006b9100000, 0x0000000716400000)
  object space 4035584K, 92% used [0x00000005c2c00000,0x00000006a72abe10,0x00000006b9100000)
 Metaspace       used 50169K, capacity 51151K, committed 51584K, reserved 1093632K
  class space    used 6754K, capacity 7219K, committed 7296K, reserved 1048576K
}
Event: 12.934 GC heap before
{Heap before GC invocations=206 (full 102):
 PSYoungGen      total 958464K, used 95868K [0x0000000716400000, 0x0000000753d00000, 0x00000007c0000000)
  eden space 915456K, 10% used [0x0000000716400000,0x000000071c19f010,0x000000074e200000)
  from space 43008K, 0% used [0x000000074e200000,0x000000074e200000,0x0000000750c00000)
  to   space 46592K, 0% used [0x0000000750f80000,0x0000000750f80000,0x0000000753d00000)
 ParOldGen       total 4035584K, used 3742383K [0x00000005c2c00000, 0x00000006b9100000, 0x0000000716400000)
  object space 4035584K, 92% used [0x00000005c2c00000,0x00000006a72abe10,0x00000006b9100000)
 Metaspace       used 52840K, capacity 53869K, committed 54272K, reserved 1095680K
  class space    used 7162K, capacity 7609K, committed 7680K, reserved 1048576K
Event: 12.940 GC heap after
Heap after GC invocations=206 (full 102):
 PSYoungGen      total 961536K, used 8754K [0x0000000716400000, 0x0000000753e00000, 0x00000007c0000000)
  eden space 914944K, 0% used [0x0000000716400000,0x0000000716400000,0x000000074e180000)
  from space 46592K, 18% used [0x0000000750f80000,0x000000075180c980,0x0000000753d00000)
  to   space 47104K, 0% used [0x000000074e180000,0x000000074e180000,0x0000000750f80000)
 ParOldGen       total 4035584K, used 3742391K [0x00000005c2c00000, 0x00000006b9100000, 0x0000000716400000)
  object space 4035584K, 92% used [0x00000005c2c00000,0x00000006a72ade10,0x00000006b9100000)
 Metaspace       used 52840K, capacity 53869K, committed 54272K, reserved 1095680K
  class space    used 7162K, capacity 7609K, committed 7680K, reserved 1048576K
}
Event: 12.940 GC heap before
{Heap before GC invocations=207 (full 103):
 PSYoungGen      total 961536K, used 8754K [0x0000000716400000, 0x0000000753e00000, 0x00000007c0000000)
  eden space 914944K, 0% used [0x0000000716400000,0x0000000716400000,0x000000074e180000)
  from space 46592K, 18% used [0x0000000750f80000,0x000000075180c980,0x0000000753d00000)
  to   space 47104K, 0% used [0x000000074e180000,0x000000074e180000,0x0000000750f80000)
 ParOldGen       total 4035584K, used 3742391K [0x00000005c2c00000, 0x00000006b9100000, 0x0000000716400000)
  object space 4035584K, 92% used [0x00000005c2c00000,0x00000006a72ade10,0x00000006b9100000)
 Metaspace       used 52840K, capacity 53869K, committed 54272K, reserved 1095680K
  class space    used 7162K, capacity 7609K, committed 7680K, reserved 1048576K
Event: 13.353 GC heap after
Heap after GC invocations=207 (full 103):
 PSYoungGen      total 961536K, used 0K [0x0000000716400000, 0x0000000753e00000, 0x00000007c0000000)
  eden space 914944K, 0% used [0x0000000716400000,0x0000000716400000,0x000000074e180000)
  from space 46592K, 0% used [0x0000000750f80000,0x0000000750f80000,0x0000000753d00000)
  to   space 47104K, 0% used [0x000000074e180000,0x000000074e180000,0x0000000750f80000)
 ParOldGen       total 4035584K, used 3750745K [0x00000005c2c00000, 0x00000006b9100000, 0x0000000716400000)
  object space 4035584K, 92% used [0x00000005c2c00000,0x00000006a7ad6658,0x00000006b9100000)
 Metaspace       used 52840K, capacity 53869K, committed 54272K, reserved 1095680K
  class space    used 7162K, capacity 7609K, committed 7680K, reserved 1048576K
}

