# JRE version: OpenJDK Runtime Environment (Zulu 8.58.0.13-CA-win64) (8.0_312-b07) (build 1.8.0_312-b07)
# Java VM: OpenJDK 64-Bit Server VM (25.312-b07 mixed mode windows-amd64 compressed oops)
Heap:
 PSYoungGen      total 1564672K, used 45523K [0x0000000716400000, 0x00000007ae500000, 0x00000007c0000000)
  eden space 637952K, 7% used [0x0000000716400000,0x0000000719074d30,0x000000073d300000)
  from space 926720K, 0% used [0x0000000775c00000,0x0000000775c00000,0x00000007ae500000)
  to   space 926720K, 0% used [0x000000073d300000,0x000000073d300000,0x0000000775c00000)
 ParOldGen       total 2515456K, used 2129024K [0x00000005c2c00000, 0x000000065c480000, 0x0000000716400000)
  object space 2515456K, 84% used [0x00000005c2c00000,0x0000000644b20168,0x000000065c480000)
 Metaspace       used 51775K, capacity 52958K, committed 53068K, reserved 1095680K
  class space    used 6956K, capacity 7425K, committed 7500K, reserved 1048576K
GC Heap History (10 events):
Event: 12.277 GC heap before
{Heap before GC invocations=61 (full 27):
 PSYoungGen      total 1564672K, used 40515K [0x0000000716400000, 0x00000007ae500000, 0x00000007c0000000)
  eden space 637952K, 0% used [0x0000000716400000,0x0000000716400000,0x000000073d300000)
  from space 926720K, 4% used [0x0000000775c00000,0x0000000778390d18,0x00000007ae500000)
  to   space 926720K, 0% used [0x000000073d300000,0x000000073d300000,0x0000000775c00000)
 ParOldGen       total 2515456K, used 2135235K [0x00000005c2c00000, 0x000000065c480000, 0x0000000716400000)
  object space 2515456K, 84% used [0x00000005c2c00000,0x0000000645130c30,0x000000065c480000)
 Metaspace       used 51090K, capacity 52290K, committed 52428K, reserved 1093632K
  class space    used 6906K, capacity 7365K, committed 7372K, reserved 1048576K
Event: 12.508 GC heap after
Heap after GC invocations=61 (full 27):
 PSYoungGen      total 1564672K, used 0K [0x0000000716400000, 0x00000007ae500000, 0x00000007c0000000)
  eden space 637952K, 0% used [0x0000000716400000,0x0000000716400000,0x000000073d300000)
  from space 926720K, 0% used [0x0000000775c00000,0x0000000775c00000,0x00000007ae500000)
  to   space 926720K, 0% used [0x000000073d300000,0x000000073d300000,0x0000000775c00000)
 ParOldGen       total 2515456K, used 2130018K [0x00000005c2c00000, 0x000000065c480000, 0x0000000716400000)
  object space 2515456K, 84% used [0x00000005c2c00000,0x0000000644c18998,0x000000065c480000)
 Metaspace       used 51050K, capacity 52192K, committed 52428K, reserved 1093632K
  class space    used 6892K, capacity 7340K, committed 7372K, reserved 1048576K
}
Event: 45.605 GC heap before
{Heap before GC invocations=62 (full 27):
 PSYoungGen      total 1564672K, used 15383K [0x0000000716400000, 0x00000007ae500000, 0x00000007c0000000)
  eden space 637952K, 2% used [0x0000000716400000,0x0000000717305f68,0x000000073d300000)
  from space 926720K, 0% used [0x0000000775c00000,0x0000000775c00000,0x00000007ae500000)
  to   space 926720K, 0% used [0x000000073d300000,0x000000073d300000,0x0000000775c00000)
 ParOldGen       total 2515456K, used 2130018K [0x00000005c2c00000, 0x000000065c480000, 0x0000000716400000)
  object space 2515456K, 84% used [0x00000005c2c00000,0x0000000644c18998,0x000000065c480000)
 Metaspace       used 51185K, capacity 52318K, committed 52428K, reserved 1093632K
  class space    used 6903K, capacity 7361K, committed 7372K, reserved 1048576K
Event: 45.609 GC heap after
Heap after GC invocations=62 (full 27):
 PSYoungGen      total 1564672K, used 288K [0x0000000716400000, 0x00000007ae500000, 0x00000007c0000000)
  eden space 637952K, 0% used [0x0000000716400000,0x0000000716400000,0x000000073d300000)
  from space 926720K, 0% used [0x000000073d300000,0x000000073d348000,0x0000000775c00000)
  to   space 926720K, 0% used [0x0000000775c00000,0x0000000775c00000,0x00000007ae500000)
 ParOldGen       total 2515456K, used 2130026K [0x00000005c2c00000, 0x000000065c480000, 0x0000000716400000)
  object space 2515456K, 84% used [0x00000005c2c00000,0x0000000644c1a998,0x000000065c480000)
 Metaspace       used 51185K, capacity 52318K, committed 52428K, reserved 1093632K
  class space    used 6903K, capacity 7361K, committed 7372K, reserved 1048576K
}
Event: 45.609 GC heap before
{Heap before GC invocations=63 (full 28):
 PSYoungGen      total 1564672K, used 288K [0x0000000716400000, 0x00000007ae500000, 0x00000007c0000000)
  eden space 637952K, 0% used [0x0000000716400000,0x0000000716400000,0x000000073d300000)
  from space 926720K, 0% used [0x000000073d300000,0x000000073d348000,0x0000000775c00000)
  to   space 926720K, 0% used [0x0000000775c00000,0x0000000775c00000,0x00000007ae500000)
 ParOldGen       total 2515456K, used 2130026K [0x00000005c2c00000, 0x000000065c480000, 0x0000000716400000)
  object space 2515456K, 84% used [0x00000005c2c00000,0x0000000644c1a998,0x000000065c480000)
 Metaspace       used 51185K, capacity 52318K, committed 52428K, reserved 1093632K
  class space    used 6903K, capacity 7361K, committed 7372K, reserved 1048576K
Event: 45.961 GC heap after
Heap after GC invocations=63 (full 28):
 PSYoungGen      total 1564672K, used 0K [0x0000000716400000, 0x00000007ae500000, 0x00000007c0000000)
  eden space 637952K, 0% used [0x0000000716400000,0x0000000716400000,0x000000073d300000)
  from space 926720K, 0% used [0x000000073d300000,0x000000073d300000,0x0000000775c00000)
  to   space 926720K, 0% used [0x0000000775c00000,0x0000000775c00000,0x00000007ae500000)
 ParOldGen       total 2515456K, used 2128859K [0x00000005c2c00000, 0x000000065c480000, 0x0000000716400000)
  object space 2515456K, 84% used [0x00000005c2c00000,0x0000000644af6f00,0x000000065c480000)
 Metaspace       used 51185K, capacity 52318K, committed 52428K, reserved 1093632K
  class space    used 6903K, capacity 7361K, committed 7372K, reserved 1048576K
}
Event: 118.744 GC heap before
{Heap before GC invocations=64 (full 28):
 PSYoungGen      total 1564672K, used 20175K [0x0000000716400000, 0x00000007ae500000, 0x00000007c0000000)
  eden space 637952K, 3% used [0x0000000716400000,0x00000007177b3ca0,0x000000073d300000)
  from space 926720K, 0% used [0x000000073d300000,0x000000073d300000,0x0000000775c00000)
  to   space 926720K, 0% used [0x0000000775c00000,0x0000000775c00000,0x00000007ae500000)
 ParOldGen       total 2515456K, used 2128859K [0x00000005c2c00000, 0x000000065c480000, 0x0000000716400000)
  object space 2515456K, 84% used [0x00000005c2c00000,0x0000000644af6f00,0x000000065c480000)
 Metaspace       used 51757K, capacity 52958K, committed 53068K, reserved 1095680K
  class space    used 6953K, capacity 7425K, committed 7500K, reserved 1048576K
Event: 118.747 GC heap after
Heap after GC invocations=64 (full 28):
 PSYoungGen      total 1564672K, used 635K [0x0000000716400000, 0x00000007ae500000, 0x00000007c0000000)
  eden space 637952K, 0% used [0x0000000716400000,0x0000000716400000,0x000000073d300000)
  from space 926720K, 0% used [0x0000000775c00000,0x0000000775c9ec18,0x00000007ae500000)
  to   space 926720K, 0% used [0x000000073d300000,0x000000073d300000,0x0000000775c00000)
 ParOldGen       total 2515456K, used 2128859K [0x00000005c2c00000, 0x000000065c480000, 0x0000000716400000)
  object space 2515456K, 84% used [0x00000005c2c00000,0x0000000644af6f00,0x000000065c480000)
 Metaspace       used 51757K, capacity 52958K, committed 53068K, reserved 1095680K
  class space    used 6953K, capacity 7425K, committed 7500K, reserved 1048576K
}
Event: 118.747 GC heap before
{Heap before GC invocations=65 (full 29):
 PSYoungGen      total 1564672K, used 635K [0x0000000716400000, 0x00000007ae500000, 0x00000007c0000000)
  eden space 637952K, 0% used [0x0000000716400000,0x0000000716400000,0x000000073d300000)
  from space 926720K, 0% used [0x0000000775c00000,0x0000000775c9ec18,0x00000007ae500000)
  to   space 926720K, 0% used [0x000000073d300000,0x000000073d300000,0x0000000775c00000)
 ParOldGen       total 2515456K, used 2128859K [0x00000005c2c00000, 0x000000065c480000, 0x0000000716400000)
  object space 2515456K, 84% used [0x00000005c2c00000,0x0000000644af6f00,0x000000065c480000)
 Metaspace       used 51757K, capacity 52958K, committed 53068K, reserved 1095680K
  class space    used 6953K, capacity 7425K, committed 7500K, reserved 1048576K
Event: 119.039 GC heap after
Heap after GC invocations=65 (full 29):
 PSYoungGen      total 1564672K, used 0K [0x0000000716400000, 0x00000007ae500000, 0x00000007c0000000)
  eden space 637952K, 0% used [0x0000000716400000,0x0000000716400000,0x000000073d300000)
  from space 926720K, 0% used [0x0000000775c00000,0x0000000775c00000,0x00000007ae500000)
  to   space 926720K, 0% used [0x000000073d300000,0x000000073d300000,0x0000000775c00000)
 ParOldGen       total 2515456K, used 2129024K [0x00000005c2c00000, 0x000000065c480000, 0x0000000716400000)
  object space 2515456K, 84% used [0x00000005c2c00000,0x0000000644b20168,0x000000065c480000)
 Metaspace       used 51757K, capacity 52958K, committed 53068K, reserved 1095680K
  class space    used 6953K, capacity 7425K, committed 7500K, reserved 1048576K
}

